Build started 12/9/2018 10:41:25 PM.
     1>Project "V:\hp\pi\pi.vcxproj" on node 2 (Rebuild target(s)).
     1>_RemoteClean:
         Cleaning remote project directory
     1>C:\Program Files (x86)\Microsoft Visual Studio\2017\Enterprise\Common7\IDE\VC\VCTargets\Microsoft.CppBuild.targets(391,5): warning MSB8028: The intermediate directory (V:\hp\pi\obj\ARM\Debug\) contains files shared from another project (PiSer.vcxproj).  This can lead to incorrect clean and rebuild behavior.
       InitializeBuildStatus:
         Creating "V:\hp\pi\obj\ARM\Debug\PiHydro.tlog\unsuccessfulbuild" because "AlwaysCreate" was specified.
       _ValidateSources:
         Validating sources
       _CopySources:
         Copying sources remotely to 'raspberrypi'
         Copying file 'V:\hp\pi\HydroController.cpp' to '/home/pi/projects/PiHydro/HydroController.cpp'
         Copying file 'V:\hp\pi\main.cpp' to '/home/pi/projects/PiHydro/main.cpp'
         Copying file 'V:\hp\pi\piSerial.cpp' to '/home/pi/projects/PiHydro/piSerial.cpp'
         Copying file 'V:\hp\pi\HydroController.h' to '/home/pi/projects/PiHydro/HydroController.h'
         Copying file 'V:\hp\pi\piSerial.h' to '/home/pi/projects/PiHydro/piSerial.h'
       _ValidateValidArchitecture:
         Validating architecture
         Current project architecture 'ARM' is compatible with the remote system architecture 'ARM' ('ARM').
       ClCompile:
         Starting remote build
         Compiling sources:
         Invoking 'g++'
         g++ -c -x c++ /home/pi/projects/PiHydro/HydroController.cpp -g2 -gdwarf-2 -o "/home/pi/projects/PiHydro/obj/ARM/Debug/HydroController.o" -Wall -Wswitch -W"no-deprecated-declarations" -W"empty-body" -Wconversion -W"return-type" -Wparentheses -W"no-format" -Wuninitialized -W"unreachable-code" -W"unused-function" -W"unused-value" -W"unused-variable" -O0 -fno-strict-aliasing -fno-omit-frame-pointer -fthreadsafe-statics -fexceptions -frtti -std=c++11
         HydroController.cpp
         Done compiling '/home/pi/projects/PiHydro/HydroController.cpp'
         Invoking 'g++'
         g++ -c -x c++ /home/pi/projects/PiHydro/main.cpp -g2 -gdwarf-2 -o "/home/pi/projects/PiHydro/obj/ARM/Debug/main.o" -Wall -Wswitch -W"no-deprecated-declarations" -W"empty-body" -Wconversion -W"return-type" -Wparentheses -W"no-format" -Wuninitialized -W"unreachable-code" -W"unused-function" -W"unused-value" -W"unused-variable" -O0 -fno-strict-aliasing -fno-omit-frame-pointer -fthreadsafe-statics -fexceptions -frtti -std=c++11
         main.cpp
         Done compiling '/home/pi/projects/PiHydro/main.cpp'
         Invoking 'g++'
         g++ -c -x c++ /home/pi/projects/PiHydro/piSerial.cpp -g2 -gdwarf-2 -o "/home/pi/projects/PiHydro/obj/ARM/Debug/piSerial.o" -Wall -Wswitch -W"no-deprecated-declarations" -W"empty-body" -Wconversion -W"return-type" -Wparentheses -W"no-format" -Wuninitialized -W"unreachable-code" -W"unused-function" -W"unused-value" -W"unused-variable" -O0 -fno-strict-aliasing -fno-omit-frame-pointer -fthreadsafe-statics -fexceptions -frtti -std=c++11
         piSerial.cpp
         Done compiling '/home/pi/projects/PiHydro/piSerial.cpp'
       Link:
         Linking objects
         Invoking 'ld'
         g++ -o "/home/pi/projects/PiHydro/bin/ARM/Debug/PiHydro.out" -Wl,--no-undefined -Wl,-z,relro -Wl,-z,now -Wl,-z,noexecstack /home/pi/projects/PiHydro/obj/ARM/Debug/HydroController.o /home/pi/projects/PiHydro/obj/ARM/Debug/main.o /home/pi/projects/PiHydro/obj/ARM/Debug/piSerial.o -lwiringPi
         Done linking, output file name: '/home/pi/projects/PiHydro/bin/ARM/Debug/PiHydro.out'
         Copying file '/home/pi/projects/PiHydro/bin/ARM/Debug/PiHydro.out' to 'V:\hp\pi\bin\ARM\Debug\PiHydro.out'
         pi.vcxproj -> V:\hp\pi\bin\ARM\Debug\PiHydro.out
       RemotePostBuildEvent:
         Description: export pin 17 using the gpio utility so that we can execute the blink program without sudo
         Invoking 'gpio export 17 out', working directory: '/home/pi/projects/PiHydro'
       FinalizeBuildStatus:
         Deleting file "V:\hp\pi\obj\ARM\Debug\PiHydro.tlog\unsuccessfulbuild".
         Touching "V:\hp\pi\obj\ARM\Debug\PiHydro.tlog\PiHydro.lastbuildstate".
     1>Done Building Project "V:\hp\pi\pi.vcxproj" (Rebuild target(s)).

Build succeeded.

       "V:\hp\pi\pi.vcxproj" (Rebuild target) (1) ->
       (PrepareForBuild target) -> 
         C:\Program Files (x86)\Microsoft Visual Studio\2017\Enterprise\Common7\IDE\VC\VCTargets\Microsoft.CppBuild.targets(391,5): warning MSB8028: The intermediate directory (V:\hp\pi\obj\ARM\Debug\) contains files shared from another project (PiSer.vcxproj).  This can lead to incorrect clean and rebuild behavior.

    1 Warning(s)
    0 Error(s)

Time Elapsed 00:00:10.22
