Build started 12/9/2018 6:12:18 AM.
     1>Project "V:\hp\pi\pi\pi.vcxproj" on node 2 (Build target(s)).
     1>InitializeBuildStatus:
         Touching "V:\hp\pi\pi\obj\ARM\Release\PiSer.tlog\unsuccessfulbuild".
       _ValidateSources:
         Validating sources
       _CopySources:
         Copying sources remotely to 'raspberrypi'
         Copying file 'V:\hp\pi\main.cpp' to '/home/pi/projects/PiSer/main.cpp'
         Skipping 'V:\hp\pi\piSer.cpp', as it is up to date.
         Skipping 'V:\hp\pi\piSer.h', as it is up to date.
       _ValidateValidArchitecture:
         Validating architecture
         Current project architecture 'ARM' is compatible with the remote system architecture 'ARM' ('ARM').
       ClCompile:
         Starting remote build
         Compiling sources:
         Invoking 'g++'
         g++ -c -x c++ /home/pi/projects/PiSer/main.cpp -g1 -o "/home/pi/projects/PiSer/obj/ARM/Release/main.o" -Wall -Wswitch -W"no-deprecated-declarations" -W"empty-body" -Wconversion -W"return-type" -Wparentheses -W"no-format" -Wuninitialized -W"unreachable-code" -W"unused-function" -W"unused-value" -W"unused-variable" -O3 -fno-strict-aliasing -fomit-frame-pointer -DNDEBUG -fthreadsafe-statics -fexceptions -frtti -std=c++11
         main.cpp
         Done compiling '/home/pi/projects/PiSer/main.cpp'
         Skipping 'V:\hp\pi\piSer.cpp', as it is up to date.
       Link:
         Linking objects
         Invoking 'ld'
         g++ -o "/home/pi/projects/PiSer/bin/ARM/Release/PiSer.out" -Wl,--no-undefined -Wl,-z,relro -Wl,-z,now -Wl,-z,noexecstack /home/pi/projects/PiSer/obj/ARM/Release/main.o /home/pi/projects/PiSer/obj/ARM/Release/piSer.o -lwiringPi
         Done linking, output file name: '/home/pi/projects/PiSer/bin/ARM/Release/PiSer.out'
         Copying file '/home/pi/projects/PiSer/bin/ARM/Release/PiSer.out' to 'V:\hp\pi\pi\bin\ARM\Release\PiSer.out'
         pi.vcxproj -> V:\hp\pi\pi\bin\ARM\Release\PiSer.out
       RemotePostBuildEvent:
         Description: export pin 17 using the gpio utility so that we can execute the blink program without sudo
         Invoking 'gpio export 17 out', working directory: '/home/pi/projects/PiSer'
       FinalizeBuildStatus:
         Deleting file "V:\hp\pi\pi\obj\ARM\Release\PiSer.tlog\unsuccessfulbuild".
         Touching "V:\hp\pi\pi\obj\ARM\Release\PiSer.tlog\PiSer.lastbuildstate".
     1>Done Building Project "V:\hp\pi\pi\pi.vcxproj" (Build target(s)).

Build succeeded.
    0 Warning(s)
    0 Error(s)

Time Elapsed 00:00:03.83
